<?xml version="1.0" encoding="UTF-8"?>
<!-- Generated by org.testng.reporters.JUnitXMLReporter -->
<testsuite ignored="2" hostname="UIDeveloper" failures="1" tests="1" name="Default test(failed)(failed)" time="34.647" errors="0" timestamp="2022-05-12T19:04:12 IST">
  <testcase classname="old_Claim.Oldifrclaim" name="uploadClaim" time="18.89">
    <failure type="org.openqa.selenium.InvalidSelectorException" message="invalid selector: Unable to locate an element with the xpath expression //*[//*[@id=&amp;quot;content&amp;quot;]/app-view-old-ifr-claims/div/div/div/div/div/div[2]/table/tbody/tr[10]/td[9]/a because of the following error:
SyntaxError: Failed to execute &amp;apos;evaluate&amp;apos; on &amp;apos;Document&amp;apos;: The string &amp;apos;//*[//*[@id=&amp;quot;content&amp;quot;]/app-view-old-ifr-claims/div/div/div/div/div/div[2]/table/tbody/tr[10]/td[9]/a&amp;apos; is not a valid XPath expression.
  (Session info: chrome=101.0.4951.64)
For documentation on this error, please visit: https://selenium.dev/exceptions/#invalid_selector_exception
Build info: version: &amp;apos;4.1.2&amp;apos;, revision: &amp;apos;9a5a329c5a&amp;apos;
System info: host: &amp;apos;UIDEVELOPER&amp;apos;, ip: &amp;apos;192.168.1.94&amp;apos;, os.name: &amp;apos;Windows 10&amp;apos;, os.arch: &amp;apos;amd64&amp;apos;, os.version: &amp;apos;10.0&amp;apos;, java.version: &amp;apos;17.0.2&amp;apos;
Driver info: org.openqa.selenium.chrome.ChromeDriver
Command: [d152fd1c2a988b79a651a1d6032fca92, findElement {using=xpath, value=//*[//*[@id=&amp;quot;content&amp;quot;]/app-view-old-ifr-claims/div/div/div/div/div/div[2]/table/tbody/tr[10]/td[9]/a}]
Capabilities {acceptInsecureCerts: false, browserName: chrome, browserVersion: 101.0.4951.64, chrome: {chromedriverVersion: 100.0.4896.60 (6a5d10861ce8..., userDataDir: C:\Users\niting\AppData\Loc...}, goog:chromeOptions: {debuggerAddress: localhost:51044}, javascriptEnabled: true, networkConnectionEnabled: false, pageLoadStrategy: normal, platform: WINDOWS, platformName: WINDOWS, proxy: Proxy(), se:cdp: ws://localhost:51044/devtoo..., se:cdpVersion: 101.0.4951.64, setWindowRect: true, strictFileInteractability: false, timeouts: {implicit: 0, pageLoad: 300000, script: 30000}, unhandledPromptBehavior: dismiss and notify, webauthn:extension:credBlob: true, webauthn:extension:largeBlob: true, webauthn:virtualAuthenticators: true}
Session ID: d152fd1c2a988b79a651a1d6032fca92">
      <![CDATA[org.openqa.selenium.InvalidSelectorException: invalid selector: Unable to locate an element with the xpath expression //*[//*[@id="content"]/app-view-old-ifr-claims/div/div/div/div/div/div[2]/table/tbody/tr[10]/td[9]/a because of the following error:
SyntaxError: Failed to execute 'evaluate' on 'Document': The string '//*[//*[@id="content"]/app-view-old-ifr-claims/div/div/div/div/div/div[2]/table/tbody/tr[10]/td[9]/a' is not a valid XPath expression.
  (Session info: chrome=101.0.4951.64)
For documentation on this error, please visit: https://selenium.dev/exceptions/#invalid_selector_exception
Build info: version: '4.1.2', revision: '9a5a329c5a'
System info: host: 'UIDEVELOPER', ip: '192.168.1.94', os.name: 'Windows 10', os.arch: 'amd64', os.version: '10.0', java.version: '17.0.2'
Driver info: org.openqa.selenium.chrome.ChromeDriver
Command: [d152fd1c2a988b79a651a1d6032fca92, findElement {using=xpath, value=//*[//*[@id="content"]/app-view-old-ifr-claims/div/div/div/div/div/div[2]/table/tbody/tr[10]/td[9]/a}]
Capabilities {acceptInsecureCerts: false, browserName: chrome, browserVersion: 101.0.4951.64, chrome: {chromedriverVersion: 100.0.4896.60 (6a5d10861ce8..., userDataDir: C:\Users\niting\AppData\Loc...}, goog:chromeOptions: {debuggerAddress: localhost:51044}, javascriptEnabled: true, networkConnectionEnabled: false, pageLoadStrategy: normal, platform: WINDOWS, platformName: WINDOWS, proxy: Proxy(), se:cdp: ws://localhost:51044/devtoo..., se:cdpVersion: 101.0.4951.64, setWindowRect: true, strictFileInteractability: false, timeouts: {implicit: 0, pageLoad: 300000, script: 30000}, unhandledPromptBehavior: dismiss and notify, webauthn:extension:credBlob: true, webauthn:extension:largeBlob: true, webauthn:virtualAuthenticators: true}
Session ID: d152fd1c2a988b79a651a1d6032fca92
at org.openqa.selenium.remote.codec.w3c.W3CHttpResponseCodec.createException(W3CHttpResponseCodec.java:200)
at org.openqa.selenium.remote.codec.w3c.W3CHttpResponseCodec.decode(W3CHttpResponseCodec.java:133)
at org.openqa.selenium.remote.codec.w3c.W3CHttpResponseCodec.decode(W3CHttpResponseCodec.java:53)
at org.openqa.selenium.remote.HttpCommandExecutor.execute(HttpCommandExecutor.java:184)
at org.openqa.selenium.remote.service.DriverCommandExecutor.invokeExecute(DriverCommandExecutor.java:167)
at org.openqa.selenium.remote.service.DriverCommandExecutor.execute(DriverCommandExecutor.java:142)
at org.openqa.selenium.remote.RemoteWebDriver.execute(RemoteWebDriver.java:558)
at org.openqa.selenium.remote.ElementLocation$ElementFinder$2.findElement(ElementLocation.java:162)
at org.openqa.selenium.remote.ElementLocation.findElement(ElementLocation.java:60)
at org.openqa.selenium.remote.RemoteWebDriver.findElement(RemoteWebDriver.java:382)
at org.openqa.selenium.remote.RemoteWebDriver.findElement(RemoteWebDriver.java:374)
at old_Claim.Oldifrclaim.uploadClaim(Oldifrclaim.java:47)
at java.base/java.util.ArrayList.forEach(ArrayList.java:1511)
... Removed 32 stack frames]]>
    </failure>
  </testcase> <!-- uploadClaim -->
  <testcase classname="old_Claim.Oldifrclaim" name="AdminTC1" time="0.0">
    <ignored/>
  </testcase> <!-- AdminTC1 -->
  <testcase classname="old_Claim.Oldifrclaim" name="CreateCASE" time="0.0">
    <ignored/>
  </testcase> <!-- CreateCASE -->
</testsuite> <!-- Default test(failed)(failed) -->
